2024-10-21 14:15:53,594:INFO:package: mysql.connector.plugins
2024-10-21 14:15:53,596:INFO:plugin_name: caching_sha2_password
2024-10-21 14:15:53,597:INFO:AUTHENTICATION_PLUGIN_CLASS: MySQLCachingSHA2PasswordAuthPlugin
2024-10-21 14:15:54,812:INFO:Database connection established successfully
2024-10-21 14:16:00,809:WARNING:Skipped a review due to AttributeError: 'NoneType' object has no attribute 'text'
2024-10-21 14:16:00,809:INFO:Page 1: 0 reviews added, 0 duplicates skipped
2024-10-21 14:16:00,809:INFO:No new reviews found on this page. Ending scraping.
2024-10-21 14:16:00,811:INFO:Reviews extracted and saved to reviews.csv
2024-10-21 14:16:00,811:INFO:Scraping completed. Total reviews added: 0
2024-10-21 14:16:00,811:INFO:Database connection closed
2024-10-21 14:16:21,069:INFO:package: mysql.connector.plugins
2024-10-21 14:16:21,069:INFO:plugin_name: caching_sha2_password
2024-10-21 14:16:21,070:INFO:AUTHENTICATION_PLUGIN_CLASS: MySQLCachingSHA2PasswordAuthPlugin
2024-10-21 14:16:21,802:INFO:Database connection established successfully
2024-10-21 14:16:25,718:INFO:Skipped duplicate review: user_id=AFVJYUKSEDG6KQVA4LHZEPQNOXYQ, timestamp=1727375400000
2024-10-21 14:16:25,784:INFO:Skipped duplicate review: user_id=AGPWH7WTISODN5UB6V2MXE2N6DTQ, timestamp=1728412200000
2024-10-21 14:16:25,881:INFO:Skipped duplicate review: user_id=AHKNMCOIPOVOREKYBI7IIWJSE5VA, timestamp=1714415400000
2024-10-21 14:16:25,952:INFO:Skipped duplicate review: user_id=AGOXHL73CVA7PQAPQ7OROCF4BSJA, timestamp=1723314600000
2024-10-21 14:16:26,069:INFO:Skipped duplicate review: user_id=AFOBASRFRCCFP5A6BHCBSWD7HYEA, timestamp=1670437800000
2024-10-21 14:16:26,230:INFO:Skipped duplicate review: user_id=AHOTKJWME2EAGM2DLBBSBI4YYW2A, timestamp=1695666600000
2024-10-21 14:16:26,387:INFO:Skipped duplicate review: user_id=AFUKXKPWNYO5SCTVYLFUDCV3RPLA, timestamp=1601663400000
2024-10-21 14:16:26,520:INFO:Skipped duplicate review: user_id=AEJP64VMHIG522RKSXF3Z2FDBMRA, timestamp=1728844200000
2024-10-21 14:16:26,587:INFO:Skipped duplicate review: user_id=AEAPXGCO3QUIUGSEO3YD2UJ24B2A, timestamp=1724437800000
2024-10-21 14:16:26,690:INFO:Skipped duplicate review: user_id=AEAMZO3YFF3EBAT6G2BIIOPEVA7A, timestamp=1728585000000
2024-10-21 14:16:26,690:INFO:Page 1: 0 reviews added, 10 duplicates skipped
2024-10-21 14:16:26,690:INFO:No new reviews found on this page. Ending scraping.
2024-10-21 14:16:26,690:INFO:Reviews extracted and saved to reviews.csv
2024-10-21 14:16:26,690:INFO:Scraping completed. Total reviews added: 0
2024-10-21 14:16:26,690:INFO:Database connection closed
2024-10-21 14:16:44,938:ERROR:An error occurred while fetching the page: Page.content: Target page, context or browser has been closed
2024-10-21 14:16:45,449:ERROR:Failed to get HTML content for ASIN: B0CGTD5KVT
2024-10-21 14:16:45,449:WARNING:Failed to retrieve product info for ASIN: B0CGTD5KVT
2024-10-21 14:16:45,449:INFO:Processing complete
2024-10-21 14:16:49,900:WARNING:From D:\testingPrograms\Anaconda\envs\MLenv\Lib\site-packages\tf_keras\src\losses.py:2976: The name tf.losses.sparse_softmax_cross_entropy is deprecated. Please use tf.compat.v1.losses.sparse_softmax_cross_entropy instead.

