2024-08-26 00:31:48,708:INFO:Database connection established successfully
2024-08-26 00:31:50,800:INFO:Inserted new review: user_id=AGR4GFLNTIMTMRILE2GCP2Q7I2FA, timestamp=1724092200000
2024-08-26 00:31:50,806:INFO:Inserted new review: user_id=AEMN3O3DQBBKUOVPJRV6A7UTRFAA, timestamp=1715106600000
2024-08-26 00:31:50,813:INFO:Inserted new review: user_id=AE4HGKSVHXFYRD6KYM35YYCCIT3Q, timestamp=1721673000000
2024-08-26 00:31:50,822:INFO:Inserted new review: user_id=AGK67XDOHNDYBDQXTG67DKXNOLGA, timestamp=1718994600000
2024-08-26 00:31:50,829:INFO:Inserted new review: user_id=AGJLHV3B6TQBKF4FGTS4FU43PBBA, timestamp=1723833000000
2024-08-26 00:31:50,836:INFO:Inserted new review: user_id=AHP5IQYI3IZPGFUO2ABHOSIVG2ZA, timestamp=1721673000000
2024-08-26 00:31:50,844:INFO:Inserted new review: user_id=AH5G6EUYT4S644HQGCZNCBAC266Q, timestamp=1721759400000
2024-08-26 00:31:50,850:INFO:Inserted new review: user_id=AGER6EO27GSXW5ORIWDOU26FI53Q, timestamp=1719340200000
2024-08-26 00:31:50,855:INFO:Inserted new review: user_id=AEY74Z3FQBJJHF7NPONKNRXRMERQ, timestamp=1724178600000
2024-08-26 00:31:50,861:INFO:Inserted new review: user_id=AEUS57DGVAPZX7K75RHLJORKWMFA, timestamp=1720290600000
2024-08-26 00:31:50,861:INFO:Page 1: 10 reviews added, 0 duplicates skipped
2024-08-26 00:31:57,055:INFO:Inserted new review: user_id=AE6PG4IKBSMO2SE7T23S6QAAXCNA, timestamp=1723660200000
2024-08-26 00:31:57,061:INFO:Inserted new review: user_id=AGLI26YBH2MLS5HOO3FVURE7ERBQ, timestamp=1722018600000
2024-08-26 00:31:57,067:INFO:Inserted new review: user_id=AGY77YFX2XWYMLFZMQ3LDP7ESBXQ, timestamp=1722450600000
2024-08-26 00:31:57,075:INFO:Inserted new review: user_id=AEBHHGNMIUU75FH3SEQ32PLG3MRQ, timestamp=1721932200000
2024-08-26 00:31:57,081:INFO:Inserted new review: user_id=AFAMVQGZPASZ2R5AQZQHYWUFK2RQ, timestamp=1723660200000
2024-08-26 00:31:57,087:INFO:Inserted new review: user_id=AF6QHCOKTMMLTHDYGAOYGVOBMCWQ, timestamp=1720722600000
2024-08-26 00:31:57,093:INFO:Inserted new review: user_id=AHFZ7GGPBCQUZEXZ3QKXDHSYQRRA, timestamp=1720117800000
2024-08-26 00:31:57,100:INFO:Inserted new review: user_id=AEI6EKDIK2K23FZMGTPVZLELPU2A, timestamp=1723746600000
2024-08-26 00:31:57,106:INFO:Inserted new review: user_id=AF4IJG3OA6HFLIT7RUTE7AOWAEXA, timestamp=1723660200000
2024-08-26 00:31:57,112:INFO:Inserted new review: user_id=AG7NPE5ZCVYUQRWS6EMRE6W2E47Q, timestamp=1723314600000
2024-08-26 00:31:57,112:INFO:Page 2: 10 reviews added, 0 duplicates skipped
2024-08-26 00:32:03,352:INFO:Inserted new review: user_id=AHGW64CPHQD5PMLWNZRLZRMUFOQQ, timestamp=1717871400000
2024-08-26 00:32:03,359:INFO:Inserted new review: user_id=AFBCDVTHVEN35KA4G5DB2RIODFOA, timestamp=1723314600000
2024-08-26 00:32:03,365:INFO:Inserted new review: user_id=AG5WJ6FF67QORGR2RTD6YQKNDS7Q, timestamp=1721327400000
2024-08-26 00:32:03,371:INFO:Inserted new review: user_id=AEUEJVI624VEKEPAI2NUPTRLKVLA, timestamp=1720549800000
2024-08-26 00:32:03,377:INFO:Inserted new review: user_id=AGZOR2TX7I22VBXGOIEVTJH6S4LA, timestamp=1723055400000
2024-08-26 00:32:03,384:INFO:Inserted new review: user_id=AEWPHZNJJGIU6FTH34Q3CQPCWQIQ, timestamp=1721413800000
2024-08-26 00:32:03,390:INFO:Inserted new review: user_id=AF4HQES2FFGUGZLWQWCUGP5VFXMQ, timestamp=1718303400000
2024-08-26 00:32:03,396:INFO:Inserted new review: user_id=AHKVGQZGXVZNA3SVL7NRI2U3DHQQ, timestamp=1721413800000
2024-08-26 00:32:03,403:INFO:Inserted new review: user_id=AE7XHNLM3ZLRTGEAMAIFBQ5CVHLQ, timestamp=1721413800000
2024-08-26 00:32:03,409:INFO:Inserted new review: user_id=AE3J47IWXNOTVIBPA25JDJEIUCQQ, timestamp=1714329000000
2024-08-26 00:32:03,409:INFO:Page 3: 10 reviews added, 0 duplicates skipped
2024-08-26 00:32:09,530:INFO:Inserted new review: user_id=AFSXBNFQN7RLGNKUI3ZXV6ERWQUA, timestamp=1721068200000
2024-08-26 00:32:09,535:INFO:Inserted new review: user_id=AGCSCNVQDZC4MEKSCEC3Q5C7ICRA, timestamp=1715538600000
2024-08-26 00:32:09,544:INFO:Inserted new review: user_id=AF2YBXVS4NZLR7BAI2QNEDMGFLDA, timestamp=1721932200000
2024-08-26 00:32:09,550:INFO:Inserted new review: user_id=AHHXUU2CTPRSSODPONI2RHRCC52A, timestamp=1721673000000
2024-08-26 00:32:09,558:INFO:Inserted new review: user_id=AER2S2MWDSLN4HTP6QVEVG2OBWVA, timestamp=1722709800000
2024-08-26 00:32:09,565:INFO:Inserted new review: user_id=AF7P77JEATBHV6FSFDRD72ZQPMXA, timestamp=1721241000000
2024-08-26 00:32:09,572:INFO:Inserted new review: user_id=AHBG2TX77F3NHSEDC24WFF5AYOYA, timestamp=1714415400000
2024-08-26 00:32:09,579:INFO:Inserted new review: user_id=AEWQ4CTM6LCDBQUATGI4ZSDBUHBQ, timestamp=1721932200000
2024-08-26 00:32:09,588:INFO:Inserted new review: user_id=AE6O7OW67RHTA3MIR3SJ5JZZMQJQ, timestamp=1721586600000
2024-08-26 00:32:09,595:INFO:Inserted new review: user_id=AF2MHPGQQBX46XRPZW4UD2GIBISQ, timestamp=1723487400000
2024-08-26 00:32:09,595:INFO:Page 4: 10 reviews added, 0 duplicates skipped
2024-08-26 00:32:15,616:INFO:Inserted new review: user_id=AEPNYM336O7PFECSYEWVUCIUSX6Q, timestamp=1721673000000
2024-08-26 00:32:15,622:INFO:Inserted new review: user_id=AFCNOVGV6BNEC6SDZXYRSVSX2U5Q, timestamp=1715452200000
2024-08-26 00:32:15,629:INFO:Inserted new review: user_id=AGERUPAVJ7IMI35JSKXGBVZNLZPA, timestamp=1722623400000
2024-08-26 00:32:15,635:INFO:Inserted new review: user_id=AG2VH2EKH7IYRJL5RFH6MKH3QCMQ, timestamp=1713378600000
2024-08-26 00:32:15,641:INFO:Inserted new review: user_id=AEAGAYG7NXFRP2F762VSH2T3ZE3A, timestamp=1720722600000
2024-08-26 00:32:15,647:INFO:Inserted new review: user_id=AFFXEYEDLXFQMK2RDL5LKBJKCHCA, timestamp=1718908200000
2024-08-26 00:32:15,653:INFO:Inserted new review: user_id=AEAR6FHBXALI3MENQDSRAOEGFWQA, timestamp=1714588200000
2024-08-26 00:32:15,658:INFO:Inserted new review: user_id=AHQDESJFJ7LYUV26KPJZ6SPROIQA, timestamp=1721241000000
2024-08-26 00:32:15,664:INFO:Inserted new review: user_id=AGZL4HMFPSOCDYESBOTEWSVHAILQ, timestamp=1720204200000
2024-08-26 00:32:15,670:INFO:Inserted new review: user_id=AGIEJTXRCWHX5UAVBZRINQQKQ3VQ, timestamp=1712255400000
2024-08-26 00:32:15,670:INFO:Page 5: 10 reviews added, 0 duplicates skipped
2024-08-26 00:32:21,717:INFO:Inserted new review: user_id=AHNHHNTX7DIMR55YB54AF4O3ITXA, timestamp=1713810600000
2024-08-26 00:32:21,722:INFO:Inserted new review: user_id=AGEOQPW4OQKF66O2IUPTRHVFUQ4A, timestamp=1718821800000
2024-08-26 00:32:21,729:INFO:Inserted new review: user_id=AF2TEBQE6KAH3ECBUV22HJDDHPEA, timestamp=1721932200000
2024-08-26 00:32:21,738:INFO:Inserted new review: user_id=AG77LE55P2OS3NPPBSQQUJBPN46A, timestamp=1721500200000
2024-08-26 00:32:21,745:INFO:Inserted new review: user_id=AEYUCABNK3F7EPH4QDFXZRLZVLZA, timestamp=1719513000000
2024-08-26 00:32:21,753:INFO:Inserted new review: user_id=AEFFEJNXRIORQFJFUIQQEZPJGTPA, timestamp=1721673000000
2024-08-26 00:32:21,763:INFO:Inserted new review: user_id=AGUGWL7NLUOF6DEZDM4OIXSP73QA, timestamp=1720981800000
2024-08-26 00:32:21,770:INFO:Inserted new review: user_id=AGKHDEYG42HJ2AZKQB63AIM76HOQ, timestamp=1720809000000
2024-08-26 00:32:21,778:INFO:Inserted new review: user_id=AHPIFGEH2XKFSUXXOIBBO6Y4FXGQ, timestamp=1724265000000
2024-08-26 00:32:21,786:INFO:Inserted new review: user_id=AE5L522I5NTPSUQJVYP4RDQLL5IQ, timestamp=1716834600000
2024-08-26 00:32:21,786:INFO:Page 6: 10 reviews added, 0 duplicates skipped
2024-08-26 00:32:27,882:INFO:Inserted new review: user_id=AHZNGBVQE3VOI5BBCOXXV5W5I7JQ, timestamp=1721154600000
2024-08-26 00:32:27,888:INFO:Inserted new review: user_id=AGUE3GTZGOEEGKZTSZME5CTYXBFQ, timestamp=1713724200000
2024-08-26 00:32:27,894:INFO:Inserted new review: user_id=AGUNDSYDE4G3ZOQBJ22VC445KGQQ, timestamp=1720895400000
2024-08-26 00:32:27,900:INFO:Inserted new review: user_id=AGDIZN7NCBCWZKDIHJVBV54CIDJA, timestamp=1721241000000
2024-08-26 00:32:27,908:INFO:Inserted new review: user_id=AHA3HL2OLDCFGWX7PNLT5M34CLAA, timestamp=1718821800000
2024-08-26 00:32:27,913:INFO:Inserted new review: user_id=AGX5YYIFAHTOXWL6D7EVFCV756RQ, timestamp=1715970600000
2024-08-26 00:32:27,920:INFO:Inserted new review: user_id=AHQNFGSDLDQ7BSQCQYOAJN67SDRA, timestamp=1716921000000
2024-08-26 00:32:27,927:INFO:Inserted new review: user_id=AFEVRJHKI2RQYHI74BDSRMDNXGLQ, timestamp=1723573800000
2024-08-26 00:32:27,932:INFO:Inserted new review: user_id=AEVS7YGLJPA6HMNBR5XP7JXTW7XA, timestamp=1713292200000
2024-08-26 00:32:27,938:INFO:Inserted new review: user_id=AHNFXULFSG6APWP7UESSE3MS5WXQ, timestamp=1719340200000
2024-08-26 00:32:27,938:INFO:Page 7: 10 reviews added, 0 duplicates skipped
2024-08-26 00:32:33,996:INFO:Inserted new review: user_id=AF5KJCPNOGHQUJY7OHXZZJEUA2NA, timestamp=1719426600000
2024-08-26 00:32:34,001:INFO:Inserted new review: user_id=AHKJO5DAMVRYAMAOUT25IBLQ24ZQ, timestamp=1716748200000
2024-08-26 00:32:34,009:INFO:Inserted new review: user_id=AGU7WXJH66MBOECJ2WBSE6D2YV3A, timestamp=1710268200000
2024-08-26 00:32:34,014:INFO:Inserted new review: user_id=AHZMKV4RDNAOC3XJZFBMFXQDVPDA, timestamp=1711737000000
2024-08-26 00:32:34,021:INFO:Inserted new review: user_id=AGR4OP4NSL54KFX7YJE5D5NFW7SQ, timestamp=1707244200000
2024-08-26 00:32:34,026:INFO:Inserted new review: user_id=AE4WULA7DUMOQK5VSOEGUXCEZDEA, timestamp=1711650600000
2024-08-26 00:32:34,032:INFO:Inserted new review: user_id=AFCVK7H2GK22XRP6VPLWCIXZIKSA, timestamp=1720290600000
2024-08-26 00:32:34,039:INFO:Inserted new review: user_id=AHCTYMUJO6IXVLC5HM6ET6M5SZLQ, timestamp=1710268200000
2024-08-26 00:32:34,045:INFO:Inserted new review: user_id=AF2ALKPYZXGJDTXZIYMKKOM2FNCA, timestamp=1718821800000
2024-08-26 00:32:34,050:INFO:Inserted new review: user_id=AHZOYT4NLYTFFTZGLFUUSCHZXUIA, timestamp=1715452200000
2024-08-26 00:32:34,050:INFO:Page 8: 10 reviews added, 0 duplicates skipped
2024-08-26 00:32:40,264:INFO:Inserted new review: user_id=AG75NHFVAZDJMPJ3FYW2YHNDY5CA, timestamp=1717353000000
2024-08-26 00:32:40,270:INFO:Inserted new review: user_id=AGDDBBOQNECFLBPERTJTDDHTJKPQ, timestamp=1718735400000
2024-08-26 00:32:40,276:INFO:Inserted new review: user_id=AGYLOPQYSRHQ6U66NI2ICYFJ52KQ, timestamp=1700764200000
2024-08-26 00:32:40,283:INFO:Inserted new review: user_id=AFMM2ZUXRNGYKNHMQYEV3UNZC4UA, timestamp=1708713000000
2024-08-26 00:32:40,290:INFO:Inserted new review: user_id=AHNWCYBEL7F5LKTWMBWLRQ3WD5IQ, timestamp=1716489000000
2024-08-26 00:32:40,296:INFO:Inserted new review: user_id=AE5TBUJYBJRVEO46TLACZIWIRQQQ, timestamp=1719253800000
2024-08-26 00:32:40,302:INFO:Inserted new review: user_id=AFSEKLMVYQ7OEYLHW2UIEYKRYYKA, timestamp=1718562600000
2024-08-26 00:32:40,309:INFO:Inserted new review: user_id=AFEOTDEAL2SMBMYTZ4PNKRQMNR4A, timestamp=1715970600000
2024-08-26 00:32:40,314:INFO:Inserted new review: user_id=AHLRQ3HV2VN6DWVHBU43CWMZJSHA, timestamp=1714501800000
2024-08-26 00:32:40,320:INFO:Inserted new review: user_id=AEYOGRQ35MKRPV64MNSCGVT44UOA, timestamp=1711823400000
2024-08-26 00:32:40,320:INFO:Page 9: 10 reviews added, 0 duplicates skipped
2024-08-26 00:32:46,523:INFO:Inserted new review: user_id=AHIZTJ6VEZGJ5FYHLF2EPQBFCHDQ, timestamp=1713983400000
2024-08-26 00:32:46,529:INFO:Inserted new review: user_id=AF2FEDDL7XPSHARUSPD6QWLSGVGA, timestamp=1714761000000
2024-08-26 00:32:46,535:INFO:Inserted new review: user_id=AFQYL63RB3TVG3MEC2VOEPHBCRUA, timestamp=1712860200000
2024-08-26 00:32:46,540:INFO:Inserted new review: user_id=AFZDTPT5UQ4VA5TTH75UN5MEAF3Q, timestamp=1719945000000
2024-08-26 00:32:46,546:INFO:Inserted new review: user_id=AGHVGTW3HX57Z7THHBLNV3MLDNMQ, timestamp=1718649000000
2024-08-26 00:32:46,551:INFO:Inserted new review: user_id=AEFTSIYNUSJUCFRJ43SD5KTXNL4Q, timestamp=1704911400000
2024-08-26 00:32:46,555:INFO:Inserted new review: user_id=AGBWTMMPZTNU7HSXFVRUR7YIZ6YQ, timestamp=1708885800000
2024-08-26 00:32:46,561:INFO:Inserted new review: user_id=AHP53YEGV4UFLBAAOSTYUUWFI2JQ, timestamp=1716748200000
2024-08-26 00:32:46,568:INFO:Inserted new review: user_id=AFXBQFBDPVFP6ZSVJUXCMUEXIENA, timestamp=1705084200000
2024-08-26 00:32:46,578:INFO:Inserted new review: user_id=AGRHEZHYFEZWSJBMY3IVMOWGOZGA, timestamp=1708713000000
2024-08-26 00:32:46,578:INFO:Page 10: 10 reviews added, 0 duplicates skipped
2024-08-26 00:32:52,636:INFO:No reviews found on page 11. Ending scraping.
2024-08-26 00:32:52,638:INFO:Reviews extracted and saved to reviews.csv
2024-08-26 00:32:52,639:INFO:Scraping completed. Total reviews added: 100
2024-08-26 00:32:52,640:INFO:Database connection closed
